[2025-04-03 22:55:28,429: INFO: main: welcome to my log]
[2025-04-03 23:11:52,523: INFO: main: welcome to my log]
[2025-04-03 23:14:11,150: INFO: main: welcome to my log]
[2025-04-03 23:14:23,058: INFO: main: welcome to my log]
[2025-04-03 23:16:47,928: INFO: main: welcome to my log]
[2025-04-07 23:30:09,354: INFO: comman: yaml file: config\config.yaml loaded successfully]
[2025-04-07 23:30:09,368: INFO: comman: yaml file: params.yaml loaded successfully]
[2025-04-07 23:30:09,377: INFO: comman: created directory at: artifacts]
[2025-04-07 23:30:09,381: INFO: comman: created directory at: artifacts/data_ingestion]
[2025-04-07 23:30:09,388: INFO: 986331348: Downloading data from https://drive.google.com/drive/folders/1MQg2jzglfbpNcwQJGthQCOmCCjYTI9QP?usp=sharing into file artifacts/data_ingestion/data.zip]
[2025-04-07 23:35:48,783: INFO: comman: yaml file: config\config.yaml loaded successfully]
[2025-04-07 23:35:48,783: INFO: comman: yaml file: params.yaml loaded successfully]
[2025-04-07 23:35:48,792: INFO: comman: created directory at: artifacts]
[2025-04-07 23:35:48,799: INFO: comman: created directory at: artifacts/data_ingestion]
[2025-04-07 23:35:48,799: INFO: 1260829567: Downloading data from https://drive.google.com/drive/folders/1MQg2jzglfbpNcwQJGthQCOmCCjYTI9QP?usp=sharing into file artifacts/data_ingestion/data.zip]
[2025-04-07 23:35:49,581: INFO: 1260829567: Downloaded data from https://drive.google.com/drive/folders/1MQg2jzglfbpNcwQJGthQCOmCCjYTI9QP?usp=sharing into file artifacts/data_ingestion/data.zip]
[2025-04-07 23:37:01,495: INFO: comman: yaml file: config\config.yaml loaded successfully]
[2025-04-07 23:37:01,500: INFO: comman: yaml file: params.yaml loaded successfully]
[2025-04-07 23:37:01,504: INFO: comman: created directory at: artifacts]
[2025-04-07 23:37:01,508: INFO: comman: created directory at: artifacts/data_ingestion]
[2025-04-07 23:37:01,512: INFO: 1260829567: Downloading data from https://drive.google.com/drive/folders/1MQg2jzglfbpNcwQJGthQCOmCCjYTI9QP?usp=sharing into file artifacts/data_ingestion/data.zip]
[2025-04-07 23:37:02,208: INFO: 1260829567: Downloaded data from https://drive.google.com/drive/folders/1MQg2jzglfbpNcwQJGthQCOmCCjYTI9QP?usp=sharing into file artifacts/data_ingestion/data.zip]
[2025-04-07 23:49:24,063: INFO: comman: yaml file: config\config.yaml loaded successfully]
[2025-04-07 23:49:24,071: INFO: comman: yaml file: params.yaml loaded successfully]
[2025-04-07 23:49:24,078: INFO: comman: created directory at: artifacts]
[2025-04-07 23:49:24,083: INFO: comman: created directory at: artifacts/data_ingestion]
[2025-04-07 23:49:24,086: INFO: 1260829567: Downloading data from https://drive.google.com/drive/folders/1MQg2jzglfbpNcwQJGthQCOmCCjYTI9QP?usp=sharing into file artifacts/data_ingestion/data.zip]
[2025-04-07 23:49:25,251: INFO: 1260829567: Downloaded data from https://drive.google.com/drive/folders/1MQg2jzglfbpNcwQJGthQCOmCCjYTI9QP?usp=sharing into file artifacts/data_ingestion/data.zip]
[2025-04-07 23:50:29,910: INFO: comman: yaml file: config\config.yaml loaded successfully]
[2025-04-07 23:50:29,914: INFO: comman: yaml file: params.yaml loaded successfully]
[2025-04-07 23:50:29,918: INFO: comman: created directory at: artifacts]
[2025-04-07 23:50:29,920: INFO: comman: created directory at: artifacts/data_ingestion]
[2025-04-07 23:50:29,922: INFO: 2905741772: Downloading data from https://drive.google.com/drive/folders/1MQg2jzglfbpNcwQJGthQCOmCCjYTI9QP?usp=sharing into file artifacts/data_ingestion/data.zip]
[2025-04-07 23:50:30,765: INFO: 2905741772: Downloaded data from https://drive.google.com/drive/folders/1MQg2jzglfbpNcwQJGthQCOmCCjYTI9QP?usp=sharing into file artifacts/data_ingestion/data.zip]
[2025-04-07 23:51:08,696: INFO: comman: yaml file: config\config.yaml loaded successfully]
[2025-04-07 23:51:08,702: INFO: comman: yaml file: params.yaml loaded successfully]
[2025-04-07 23:51:08,704: INFO: comman: created directory at: artifacts]
[2025-04-07 23:51:08,708: INFO: comman: created directory at: artifacts/data_ingestion]
[2025-04-07 23:51:08,711: INFO: 986331348: Downloading data from https://drive.google.com/drive/folders/1MQg2jzglfbpNcwQJGthQCOmCCjYTI9QP?usp=sharing into file artifacts/data_ingestion/data.zip]
[2025-04-07 23:51:44,399: INFO: comman: yaml file: config\config.yaml loaded successfully]
[2025-04-07 23:51:44,402: INFO: comman: yaml file: params.yaml loaded successfully]
[2025-04-07 23:51:44,404: INFO: comman: created directory at: artifacts]
[2025-04-07 23:51:44,406: INFO: comman: created directory at: artifacts/data_ingestion]
[2025-04-07 23:51:44,408: INFO: 1177706610: Downloading data from https://drive.google.com/drive/folders/1MQg2jzglfbpNcwQJGthQCOmCCjYTI9QP?usp=sharing into file artifacts/data_ingestion/data.zip]
[2025-04-07 23:51:45,677: INFO: 1177706610: Downloaded data from https://drive.google.com/drive/folders/1MQg2jzglfbpNcwQJGthQCOmCCjYTI9QP?usp=sharing into file artifacts/data_ingestion/data.zip]
[2025-04-07 23:53:14,675: INFO: comman: yaml file: config\config.yaml loaded successfully]
[2025-04-07 23:53:14,678: INFO: comman: yaml file: params.yaml loaded successfully]
[2025-04-07 23:53:14,682: INFO: comman: created directory at: artifacts]
[2025-04-07 23:53:14,686: INFO: comman: created directory at: artifacts/data_ingestion]
[2025-04-07 23:53:14,688: INFO: 1260829567: Downloading data from https://drive.google.com/drive/folders/1MQg2jzglfbpNcwQJGthQCOmCCjYTI9QP?usp=sharing into file artifacts/data_ingestion/data.zip]
[2025-04-07 23:53:15,246: INFO: 1260829567: Downloaded data from https://drive.google.com/drive/folders/1MQg2jzglfbpNcwQJGthQCOmCCjYTI9QP?usp=sharing into file artifacts/data_ingestion/data.zip]
[2025-04-07 23:53:50,647: INFO: comman: yaml file: config\config.yaml loaded successfully]
[2025-04-07 23:53:50,655: INFO: comman: yaml file: params.yaml loaded successfully]
[2025-04-07 23:53:50,655: INFO: comman: created directory at: artifacts]
[2025-04-07 23:53:50,660: INFO: comman: created directory at: artifacts/data_ingestion]
[2025-04-07 23:53:50,660: INFO: 1260829567: Downloading data from https://drive.google.com/drive/folders/1MQg2jzglfbpNcwQJGthQCOmCCjYTI9QP?usp=sharing into file artifacts/data_ingestion/data.zip]
[2025-04-07 23:53:51,345: INFO: 1260829567: Downloaded data from https://drive.google.com/drive/folders/1MQg2jzglfbpNcwQJGthQCOmCCjYTI9QP?usp=sharing into file artifacts/data_ingestion/data.zip]
[2025-04-07 23:59:12,968: INFO: comman: yaml file: config\config.yaml loaded successfully]
[2025-04-07 23:59:12,975: INFO: comman: yaml file: params.yaml loaded successfully]
[2025-04-07 23:59:12,978: INFO: comman: created directory at: artifacts]
[2025-04-07 23:59:12,980: INFO: comman: created directory at: artifacts/data_ingestion]
[2025-04-07 23:59:12,984: INFO: 1930546134: Downloading data from https://drive.google.com/drive/folders/1MQg2jzglfbpNcwQJGthQCOmCCjYTI9QP?usp=sharing into file artifacts/data_ingestion/data.zip]
[2025-04-07 23:59:16,831: INFO: 1930546134: Downloaded data from https://drive.google.com/drive/folders/1MQg2jzglfbpNcwQJGthQCOmCCjYTI9QP?usp=sharing into file artifacts/data_ingestion/data.zip]
[2025-04-08 19:53:28,762: INFO: comman: yaml file: config\config.yaml loaded successfully]
[2025-04-08 19:53:28,773: INFO: comman: yaml file: params.yaml loaded successfully]
[2025-04-08 19:53:28,776: INFO: comman: created directory at: artifacts]
[2025-04-08 19:53:28,778: INFO: comman: created directory at: artifacts/data_ingestion]
[2025-04-08 19:53:28,781: INFO: 986331348: Downloading data from https://drive.google.com/file/d/1z48nZwQEb_iSdoJCFZEwD1OmFpZvqO9o/view?usp=sharing into file artifacts/data_ingestion/data.zip]
[2025-04-08 19:53:51,041: INFO: 986331348: Downloaded data from https://drive.google.com/file/d/1z48nZwQEb_iSdoJCFZEwD1OmFpZvqO9o/view?usp=sharing into file artifacts/data_ingestion/data.zip]
[2025-04-08 19:55:30,966: INFO: comman: yaml file: config\config.yaml loaded successfully]
[2025-04-08 19:55:30,969: INFO: comman: yaml file: params.yaml loaded successfully]
[2025-04-08 19:55:30,971: INFO: comman: created directory at: artifacts]
[2025-04-08 19:55:30,973: INFO: comman: created directory at: artifacts/data_ingestion]
[2025-04-08 19:55:30,974: INFO: 986331348: Downloading data from https://drive.google.com/file/d/1z48nZwQEb_iSdoJCFZEwD1OmFpZvqO9o/view?usp=sharing into file artifacts/data_ingestion/data.zip]
[2025-04-08 19:55:45,038: INFO: 986331348: Downloaded data from https://drive.google.com/file/d/1z48nZwQEb_iSdoJCFZEwD1OmFpZvqO9o/view?usp=sharing into file artifacts/data_ingestion/data.zip]
[2025-04-08 23:40:21,817: INFO: main: >>>>>> stage Data Ingestion stage started <<<<<<]
[2025-04-08 23:40:21,818: ERROR: main: Argument path_to_yaml of type <class 'str'> to <function read_yaml at 0x000001D091232FC0> does not match annotation type <class 'pathlib.Path'>]
Traceback (most recent call last):
  File "c:\Users\rushi\AI with DL Suraj Kale\MLops project\project-AI_DL-end-to-end-main\main.py", line 7, in <module>
    data_ingestion.main()
  File "c:\Users\rushi\AI with DL Suraj Kale\MLops project\project-AI_DL-end-to-end-main\src\cnnClassifier\pipeline\stage_01_data_ingestion.py", line 18, in main
    Config = ConfigurationManager()
             ^^^^^^^^^^^^^^^^^^^^^^
  File "c:\Users\rushi\AI with DL Suraj Kale\MLops project\project-AI_DL-end-to-end-main\src\cnnClassifier\config\configuration.py", line 15, in __init__
    self.config = read_yaml(config_filepath)
                  ^^^^^^^^^^^^^^^^^^^^^^^^^^
  File "C:\Users\rushi\anaconda3\envs\dlenv\Lib\site-packages\ensure\main.py", line 870, in __call__
    raise EnsureError(msg.format(arg=arg, f=self.f, t=templ, valt=type(value)))
ensure.main.EnsureError: Argument path_to_yaml of type <class 'str'> to <function read_yaml at 0x000001D091232FC0> does not match annotation type <class 'pathlib.Path'>
[2025-04-08 23:40:30,656: INFO: main: >>>>>> stage Data Ingestion stage started <<<<<<]
[2025-04-08 23:40:30,656: ERROR: main: Argument path_to_yaml of type <class 'str'> to <function read_yaml at 0x000001F4E1032FC0> does not match annotation type <class 'pathlib.Path'>]
Traceback (most recent call last):
  File "c:\Users\rushi\AI with DL Suraj Kale\MLops project\project-AI_DL-end-to-end-main\main.py", line 7, in <module>
    data_ingestion.main()
  File "c:\Users\rushi\AI with DL Suraj Kale\MLops project\project-AI_DL-end-to-end-main\src\cnnClassifier\pipeline\stage_01_data_ingestion.py", line 18, in main
    Config = ConfigurationManager()
             ^^^^^^^^^^^^^^^^^^^^^^
  File "c:\Users\rushi\AI with DL Suraj Kale\MLops project\project-AI_DL-end-to-end-main\src\cnnClassifier\config\configuration.py", line 15, in __init__
    self.config = read_yaml(config_filepath)
                  ^^^^^^^^^^^^^^^^^^^^^^^^^^
  File "C:\Users\rushi\anaconda3\envs\dlenv\Lib\site-packages\ensure\main.py", line 870, in __call__
    raise EnsureError(msg.format(arg=arg, f=self.f, t=templ, valt=type(value)))
ensure.main.EnsureError: Argument path_to_yaml of type <class 'str'> to <function read_yaml at 0x000001F4E1032FC0> does not match annotation type <class 'pathlib.Path'>
[2025-04-08 23:42:11,005: INFO: main: >>>>>> stage Data Ingestion stage started <<<<<<]
[2025-04-08 23:42:11,019: INFO: comman: yaml file: config\config.yaml loaded successfully]
[2025-04-08 23:42:11,023: INFO: comman: yaml file: params.yaml loaded successfully]
[2025-04-08 23:42:11,023: INFO: comman: created directory at: artifacts]
[2025-04-08 23:42:11,023: INFO: comman: created directory at: artifacts/data_ingestion]
[2025-04-08 23:42:11,023: INFO: data_ingestion: Downloading data from https://drive.google.com/file/d/1z48nZwQEb_iSdoJCFZEwD1OmFpZvqO9o/view?usp=sharing into file artifacts/data_ingestion/data.zip]
[2025-04-08 23:42:26,353: INFO: data_ingestion: Downloaded data from https://drive.google.com/file/d/1z48nZwQEb_iSdoJCFZEwD1OmFpZvqO9o/view?usp=sharing into file artifacts/data_ingestion/data.zip]
[2025-04-08 23:42:28,110: INFO: main: >>>>>> stage Data Ingestion stage completed <<<<<<

x==========x]
[2025-04-08 23:58:20,181: INFO: comman: yaml file: config\config.yaml loaded successfully]
[2025-04-08 23:58:20,185: INFO: comman: yaml file: params.yaml loaded successfully]
[2025-04-08 23:58:20,746: INFO: main: >>>>>> stage Data Ingestion stage started <<<<<<]
[2025-04-08 23:58:20,746: ERROR: main: Argument path_to_yaml of type <class 'box.config_box.ConfigBox'> to <function read_yaml at 0x00000217CBFC2FC0> does not match annotation type <class 'pathlib.Path'>]
Traceback (most recent call last):
  File "c:\Users\rushi\AI with DL Suraj Kale\MLops project\project-AI_DL-end-to-end-main\main.py", line 7, in <module>
    data_ingestion.main()
  File "c:\Users\rushi\AI with DL Suraj Kale\MLops project\project-AI_DL-end-to-end-main\src\cnnClassifier\pipeline\stage_01_data_ingestion.py", line 18, in main
    Config = ConfigurationManager()
             ^^^^^^^^^^^^^^^^^^^^^^
  File "c:\Users\rushi\AI with DL Suraj Kale\MLops project\project-AI_DL-end-to-end-main\src\cnnClassifier\config\configuration.py", line 16, in __init__
    self.config = read_yaml(config_filepath)
                  ^^^^^^^^^^^^^^^^^^^^^^^^^^
  File "C:\Users\rushi\anaconda3\envs\dlenv\Lib\site-packages\ensure\main.py", line 870, in __call__
    raise EnsureError(msg.format(arg=arg, f=self.f, t=templ, valt=type(value)))
ensure.main.EnsureError: Argument path_to_yaml of type <class 'box.config_box.ConfigBox'> to <function read_yaml at 0x00000217CBFC2FC0> does not match annotation type <class 'pathlib.Path'>
[2025-04-09 15:55:14,605: INFO: comman: yaml file: config\config.yaml loaded successfully]
[2025-04-09 15:55:14,615: INFO: comman: yaml file: params.yaml loaded successfully]
[2025-04-09 15:55:14,625: INFO: comman: created directory at: artifacts]
[2025-04-09 15:57:28,516: INFO: comman: yaml file: config\config.yaml loaded successfully]
[2025-04-09 15:57:28,522: INFO: comman: yaml file: params.yaml loaded successfully]
[2025-04-09 15:57:28,522: INFO: comman: created directory at: artifacts]
[2025-04-09 15:57:41,662: INFO: comman: yaml file: config\config.yaml loaded successfully]
[2025-04-09 15:57:41,668: INFO: comman: yaml file: params.yaml loaded successfully]
[2025-04-09 15:57:41,671: INFO: comman: created directory at: artifacts]
[2025-04-09 15:59:10,265: INFO: comman: yaml file: config\config.yaml loaded successfully]
[2025-04-09 15:59:10,268: INFO: comman: yaml file: params.yaml loaded successfully]
[2025-04-09 15:59:10,275: INFO: comman: created directory at: artifacts]
[2025-04-09 15:59:10,275: INFO: comman: created directory at: artifacts/prepare_base_model]
[2025-04-09 15:59:58,972: WARNING: saving_api: You are saving your model as an HDF5 file via `model.save()` or `keras.saving.save_model(model)`. This file format is considered legacy. We recommend using instead the native Keras format, e.g. `model.save('my_model.keras')` or `keras.saving.save_model(model, 'my_model.keras')`. ]
[2025-04-09 15:59:59,582: WARNING: saving_api: You are saving your model as an HDF5 file via `model.save()` or `keras.saving.save_model(model)`. This file format is considered legacy. We recommend using instead the native Keras format, e.g. `model.save('my_model.keras')` or `keras.saving.save_model(model, 'my_model.keras')`. ]
[2025-04-09 16:34:23,574: INFO: main: >>>>>> stage Data Ingestion stage started <<<<<<]
[2025-04-09 16:34:23,590: INFO: comman: yaml file: config\config.yaml loaded successfully]
[2025-04-09 16:34:23,607: INFO: comman: yaml file: params.yaml loaded successfully]
[2025-04-09 16:34:23,624: INFO: comman: created directory at: artifacts]
[2025-04-09 16:34:23,636: INFO: comman: created directory at: artifacts/data_ingestion]
[2025-04-09 16:34:23,639: INFO: data_ingestion: Downloading data from https://drive.google.com/file/d/1z48nZwQEb_iSdoJCFZEwD1OmFpZvqO9o/view?usp=sharing into file artifacts/data_ingestion/data.zip]
[2025-04-09 16:34:40,072: INFO: data_ingestion: Downloaded data from https://drive.google.com/file/d/1z48nZwQEb_iSdoJCFZEwD1OmFpZvqO9o/view?usp=sharing into file artifacts/data_ingestion/data.zip]
[2025-04-09 16:34:41,303: INFO: main: >>>>>> stage Data Ingestion stage completed <<<<<<

x==========x]
[2025-04-09 16:34:41,303: INFO: main: *******************]
[2025-04-09 16:34:41,303: INFO: main: >>>>>> stage Prepare base model started <<<<<<]
[2025-04-09 16:34:41,307: INFO: comman: yaml file: config\config.yaml loaded successfully]
[2025-04-09 16:34:41,307: INFO: comman: yaml file: params.yaml loaded successfully]
[2025-04-09 16:34:41,307: INFO: comman: created directory at: artifacts]
[2025-04-09 16:34:41,307: INFO: comman: created directory at: artifacts/prepare_base_model]
[2025-04-09 16:34:42,188: WARNING: saving_api: You are saving your model as an HDF5 file via `model.save()` or `keras.saving.save_model(model)`. This file format is considered legacy. We recommend using instead the native Keras format, e.g. `model.save('my_model.keras')` or `keras.saving.save_model(model, 'my_model.keras')`. ]
[2025-04-09 16:34:43,076: WARNING: saving_api: You are saving your model as an HDF5 file via `model.save()` or `keras.saving.save_model(model)`. This file format is considered legacy. We recommend using instead the native Keras format, e.g. `model.save('my_model.keras')` or `keras.saving.save_model(model, 'my_model.keras')`. ]
[2025-04-09 16:34:43,307: INFO: main: >>>>>> stage Prepare base model completed <<<<<<

x==========x]
